<?xml version="1.0" encoding="UTF-8"?>
<testsuite xmlns:xsi="http://www.w3.org/2001/XMLSchema-instance" xsi:noNamespaceSchemaLocation="https://maven.apache.org/surefire/maven-surefire-plugin/xsd/surefire-test-report-3.0.xsd" version="3.0" name="com.example.app.IdiomasApplicationTests" time="4.491" tests="1" errors="0" skipped="0" failures="0">
  <properties>
[...]
</properties>
  <testcase name="contextLoads" classname="com.example.app.IdiomasApplicationTests" time="0.845">
    <system-out><![CDATA[22:48:16.451 [main] INFO org.springframework.boot.devtools.restart.RestartApplicationListener -- Restart disabled due to context in which it is running
  .   ____          _            __ _ _
 /\\ / ___'_ __ _ _(_)_ __  __ _ \ \ \ \
( ( )\___ | '_ | '_| | '_ \/ _` | \ \ \ \
 \\/  ___)| |_)| | | | | || (_| |  ) ) ) )
  '  |____| .__|_| |_|_| |_\__, | / / / /
 =========|_|==============|___/=/_/_/_/

 :: Spring Boot ::                (v3.3.0)

2024-11-27T22:48:16.715-05:00  INFO 22868 --- [Idiomas] [           main] c.example.app.IdiomasApplicationTests    : Starting IdiomasApplicationTests using Java 17.0.10 with PID 22868 (started by sanjo in C:\IDIOMAS1\Idiomas)
2024-11-27T22:48:16.716-05:00  INFO 22868 --- [Idiomas] [           main] c.example.app.IdiomasApplicationTests    : No active profile set, falling back to 1 default profile: "default"
2024-11-27T22:48:17.445-05:00  INFO 22868 --- [Idiomas] [           main] .s.d.r.c.RepositoryConfigurationDelegate : Bootstrapping Spring Data MongoDB repositories in DEFAULT mode.
2024-11-27T22:48:17.527-05:00  INFO 22868 --- [Idiomas] [           main] .s.d.r.c.RepositoryConfigurationDelegate : Finished Spring Data repository scanning in 73 ms. Found 4 MongoDB repository interfaces.
2024-11-27T22:48:18.287-05:00  INFO 22868 --- [Idiomas] [           main] org.mongodb.driver.client                : MongoClient with metadata {"driver": {"name": "mongo-java-driver|sync|spring-boot", "version": "5.0.1"}, "os": {"type": "Windows", "name": "Windows 11", "architecture": "amd64", "version": "10.0"}, "platform": "Java/Eclipse Adoptium/17.0.10+7"} created with settings MongoClientSettings{readPreference=primary, writeConcern=WriteConcern{w=null, wTimeout=null ms, journal=null}, retryWrites=true, retryReads=true, readConcern=ReadConcern{level=null}, credential=MongoCredential{mechanism=null, userName='LUZBEL', source='admin', password=<hidden>, mechanismProperties=<hidden>}, transportSettings=null, commandListeners=[], codecRegistry=ProvidersCodecRegistry{codecProviders=[ValueCodecProvider{}, BsonValueCodecProvider{}, DBRefCodecProvider{}, DBObjectCodecProvider{}, DocumentCodecProvider{}, CollectionCodecProvider{}, IterableCodecProvider{}, MapCodecProvider{}, GeoJsonCodecProvider{}, GridFSFileCodecProvider{}, Jsr310CodecProvider{}, JsonObjectCodecProvider{}, BsonCodecProvider{}, EnumCodecProvider{}, com.mongodb.client.model.mql.ExpressionCodecProvider@1859ffda, com.mongodb.Jep395RecordCodecProvider@59838256, com.mongodb.KotlinCodecProvider@131a7516]}, loggerSettings=LoggerSettings{maxDocumentLength=1000}, clusterSettings={hosts=[127.0.0.1:27017], srvHost=pcandrey.xzh6smh.mongodb.net, srvServiceName=mongodb, mode=MULTIPLE, requiredClusterType=REPLICA_SET, requiredReplicaSetName='atlas-13mp1s-shard-0', serverSelector='null', clusterListeners='[]', serverSelectionTimeout='30000 ms', localThreshold='15 ms'}, socketSettings=SocketSettings{connectTimeoutMS=10000, readTimeoutMS=0, receiveBufferSize=0, proxySettings=ProxySettings{host=null, port=null, username=null, password=null}}, heartbeatSocketSettings=SocketSettings{connectTimeoutMS=10000, readTimeoutMS=10000, receiveBufferSize=0, proxySettings=ProxySettings{host=null, port=null, username=null, password=null}}, connectionPoolSettings=ConnectionPoolSettings{maxSize=100, minSize=0, maxWaitTimeMS=120000, maxConnectionLifeTimeMS=0, maxConnectionIdleTimeMS=0, maintenanceInitialDelayMS=0, maintenanceFrequencyMS=60000, connectionPoolListeners=[], maxConnecting=2}, serverSettings=ServerSettings{heartbeatFrequencyMS=10000, minHeartbeatFrequencyMS=500, serverListeners='[]', serverMonitorListeners='[]'}, sslSettings=SslSettings{enabled=true, invalidHostNameAllowed=false, context=null}, applicationName='null', compressorList=[], uuidRepresentation=JAVA_LEGACY, serverApi=null, autoEncryptionSettings=null, dnsClient=null, inetAddressResolver=null, contextProvider=null}
2024-11-27T22:48:18.343-05:00  INFO 22868 --- [Idiomas] [smh.mongodb.net] org.mongodb.driver.cluster               : Adding discovered server ac-2liy2pp-shard-00-01.xzh6smh.mongodb.net:27017 to client view of cluster
2024-11-27T22:48:18.386-05:00  INFO 22868 --- [Idiomas] [smh.mongodb.net] org.mongodb.driver.cluster               : Adding discovered server ac-2liy2pp-shard-00-00.xzh6smh.mongodb.net:27017 to client view of cluster
2024-11-27T22:48:18.388-05:00  INFO 22868 --- [Idiomas] [smh.mongodb.net] org.mongodb.driver.cluster               : Adding discovered server ac-2liy2pp-shard-00-02.xzh6smh.mongodb.net:27017 to client view of cluster
2024-11-27T22:48:19.142-05:00  INFO 22868 --- [Idiomas] [           main] o.s.b.a.w.s.WelcomePageHandlerMapping    : Adding welcome page template: index
2024-11-27T22:48:19.203-05:00  INFO 22868 --- [Idiomas] [ngodb.net:27017] org.mongodb.driver.cluster               : Monitor thread successfully connected to server with description ServerDescription{address=ac-2liy2pp-shard-00-02.xzh6smh.mongodb.net:27017, type=REPLICA_SET_SECONDARY, state=CONNECTED, ok=true, minWireVersion=0, maxWireVersion=25, maxDocumentSize=16777216, logicalSessionTimeoutMinutes=30, roundTripTimeNanos=464121700, setName='atlas-13mp1s-shard-0', canonicalAddress=ac-2liy2pp-shard-00-02.xzh6smh.mongodb.net:27017, hosts=[ac-2liy2pp-shard-00-00.xzh6smh.mongodb.net:27017, ac-2liy2pp-shard-00-01.xzh6smh.mongodb.net:27017, ac-2liy2pp-shard-00-02.xzh6smh.mongodb.net:27017], passives=[], arbiters=[], primary='ac-2liy2pp-shard-00-01.xzh6smh.mongodb.net:27017', tagSet=TagSet{[Tag{name='availabilityZone', value='use1-az1'}, Tag{name='diskState', value='READY'}, Tag{name='nodeType', value='ELECTABLE'}, Tag{name='provider', value='AWS'}, Tag{name='region', value='US_EAST_1'}, Tag{name='workloadType', value='OPERATIONAL'}]}, electionId=null, setVersion=240, topologyVersion=TopologyVersion{processId=6744c64cce64ed95c608f81a, counter=3}, lastWriteDate=Wed Nov 27 22:48:24 COT 2024, lastUpdateTimeNanos=56251398294700}
2024-11-27T22:48:19.203-05:00  INFO 22868 --- [Idiomas] [ngodb.net:27017] org.mongodb.driver.cluster               : Monitor thread successfully connected to server with description ServerDescription{address=ac-2liy2pp-shard-00-00.xzh6smh.mongodb.net:27017, type=REPLICA_SET_SECONDARY, state=CONNECTED, ok=true, minWireVersion=0, maxWireVersion=25, maxDocumentSize=16777216, logicalSessionTimeoutMinutes=30, roundTripTimeNanos=463980500, setName='atlas-13mp1s-shard-0', canonicalAddress=ac-2liy2pp-shard-00-00.xzh6smh.mongodb.net:27017, hosts=[ac-2liy2pp-shard-00-00.xzh6smh.mongodb.net:27017, ac-2liy2pp-shard-00-01.xzh6smh.mongodb.net:27017, ac-2liy2pp-shard-00-02.xzh6smh.mongodb.net:27017], passives=[], arbiters=[], primary='ac-2liy2pp-shard-00-01.xzh6smh.mongodb.net:27017', tagSet=TagSet{[Tag{name='availabilityZone', value='use1-az4'}, Tag{name='diskState', value='READY'}, Tag{name='nodeType', value='ELECTABLE'}, Tag{name='provider', value='AWS'}, Tag{name='region', value='US_EAST_1'}, Tag{name='workloadType', value='OPERATIONAL'}]}, electionId=null, setVersion=240, topologyVersion=TopologyVersion{processId=6744bfb497a1948ca14716da, counter=4}, lastWriteDate=Wed Nov 27 22:48:24 COT 2024, lastUpdateTimeNanos=56251398070800}
2024-11-27T22:48:19.203-05:00  INFO 22868 --- [Idiomas] [ngodb.net:27017] org.mongodb.driver.cluster               : Monitor thread successfully connected to server with description ServerDescription{address=ac-2liy2pp-shard-00-01.xzh6smh.mongodb.net:27017, type=REPLICA_SET_PRIMARY, state=CONNECTED, ok=true, minWireVersion=0, maxWireVersion=25, maxDocumentSize=16777216, logicalSessionTimeoutMinutes=30, roundTripTimeNanos=463939300, setName='atlas-13mp1s-shard-0', canonicalAddress=ac-2liy2pp-shard-00-01.xzh6smh.mongodb.net:27017, hosts=[ac-2liy2pp-shard-00-00.xzh6smh.mongodb.net:27017, ac-2liy2pp-shard-00-01.xzh6smh.mongodb.net:27017, ac-2liy2pp-shard-00-02.xzh6smh.mongodb.net:27017], passives=[], arbiters=[], primary='ac-2liy2pp-shard-00-01.xzh6smh.mongodb.net:27017', tagSet=TagSet{[Tag{name='availabilityZone', value='use1-az6'}, Tag{name='diskState', value='READY'}, Tag{name='nodeType', value='ELECTABLE'}, Tag{name='provider', value='AWS'}, Tag{name='region', value='US_EAST_1'}, Tag{name='workloadType', value='OPERATIONAL'}]}, electionId=7fffffff0000000000000248, setVersion=240, topologyVersion=TopologyVersion{processId=6744c2cc1a0c8b3b129e5fb8, counter=6}, lastWriteDate=Wed Nov 27 22:48:24 COT 2024, lastUpdateTimeNanos=56251398033100}
2024-11-27T22:48:19.210-05:00  INFO 22868 --- [Idiomas] [ngodb.net:27017] org.mongodb.driver.cluster               : Discovered replica set primary ac-2liy2pp-shard-00-01.xzh6smh.mongodb.net:27017 with max election id 7fffffff0000000000000248 and max set version 240
2024-11-27T22:48:19.619-05:00  INFO 22868 --- [Idiomas] [           main] c.example.app.IdiomasApplicationTests    : Started IdiomasApplicationTests in 3.194 seconds (process running for 4.51)
]]></system-out>
  </testcase>
</testsuite>